Determining if the include file tr1/tuple exists failed with the following output:
Change Dir: /Users/johnmuschelli/Dropbox/Packages/drammsr/src/dramms-1.4.3-source/build/bundle/src/BASIS-build/CMakeFiles/CMakeTmp

Run Build Command:"/opt/local/bin/gmake" "cmTC_d0d25/fast"
gmake[4]: Entering directory '/Users/johnmuschelli/Dropbox/Packages/drammsr/src/dramms-1.4.3-source/build/bundle/src/BASIS-build/CMakeFiles/CMakeTmp'
make -f CMakeFiles/cmTC_d0d25.dir/build.make CMakeFiles/cmTC_d0d25.dir/build
make[5]: Entering directory `/Users/johnmuschelli/Dropbox/Packages/drammsr/src/dramms-1.4.3-source/build/bundle/src/BASIS-build/CMakeFiles/CMakeTmp'
Building CXX object CMakeFiles/cmTC_d0d25.dir/CheckIncludeFile.cxx.o
/Applications/Xcode.app/Contents/Developer/Toolchains/XcodeDefault.xctoolchain/usr/bin/c++     -Wall -mtune=core2 -g -O2      -o CMakeFiles/cmTC_d0d25.dir/CheckIncludeFile.cxx.o -c /Users/johnmuschelli/Dropbox/Packages/drammsr/src/dramms-1.4.3-source/build/bundle/src/BASIS-build/CMakeFiles/CMakeTmp/CheckIncludeFile.cxx
/Users/johnmuschelli/Dropbox/Packages/drammsr/src/dramms-1.4.3-source/build/bundle/src/BASIS-build/CMakeFiles/CMakeTmp/CheckIncludeFile.cxx:1:10: fatal error: 'tr1/tuple' file not found
#include <tr1/tuple>
         ^
1 error generated.
make[5]: *** [CMakeFiles/cmTC_d0d25.dir/CheckIncludeFile.cxx.o] Error 1
make[5]: Leaving directory `/Users/johnmuschelli/Dropbox/Packages/drammsr/src/dramms-1.4.3-source/build/bundle/src/BASIS-build/CMakeFiles/CMakeTmp'
Makefile:126: recipe for target 'cmTC_d0d25/fast' failed
gmake[4]: *** [cmTC_d0d25/fast] Error 2
gmake[4]: Leaving directory '/Users/johnmuschelli/Dropbox/Packages/drammsr/src/dramms-1.4.3-source/build/bundle/src/BASIS-build/CMakeFiles/CMakeTmp'


